{
  message: '✅ MongoDB connected successfully',
  level: 'info',
  service: 'livishield-backend',
  timestamp: '2026-01-04 11:18:00'
}
{
  message: '✅ MongoDB connected successfully',
  level: 'info',
  service: 'livishield-backend',
  timestamp: '2026-01-04 11:19:07'
}
{
  message: 'MongoDB connected successfully',
  level: 'info',
  service: 'livishield-backend',
  timestamp: '2026-01-04 11:19:07'
}
{
  service: 'livishield-backend',
  message: "❌ MySQL connection failed: Access denied for user 'root'@'localhost' (using password: NO)",
  code: 'ER_ACCESS_DENIED_ERROR',
  errno: 1045,
  sqlState: '28000',
  level: 'error',
  stack: "Error: Access denied for user 'root'@'localhost' (using password: NO)\n" +
    '    at Object.createConnectionPromise [as createConnection] (C:\\Users\\vibho\\OneDrive\\Desktop\\livishield\\backend\\node_modules\\mysql2\\promise.js:19:31)\n' +
    '    at connectMySQL (C:\\Users\\vibho\\OneDrive\\Desktop\\livishield\\backend\\src\\config\\mysql.js:8:30)\n' +
    '    at startServer (C:\\Users\\vibho\\OneDrive\\Desktop\\livishield\\backend\\server.js:16:11)\n' +
    '    at process.processTicksAndRejections (node:internal/process/task_queues:105:5)',
  timestamp: '2026-01-04 11:19:07'
}
{
  message: '✅ MongoDB connected successfully',
  level: 'info',
  service: 'livishield-backend',
  timestamp: '2026-01-04 11:19:25'
}
{
  message: 'MongoDB connected successfully',
  level: 'info',
  service: 'livishield-backend',
  timestamp: '2026-01-04 11:19:25'
}
{
  service: 'livishield-backend',
  message: "❌ MySQL connection failed: Access denied for user 'root'@'localhost' (using password: NO)",
  code: 'ER_ACCESS_DENIED_ERROR',
  errno: 1045,
  sqlState: '28000',
  level: 'error',
  stack: "Error: Access denied for user 'root'@'localhost' (using password: NO)\n" +
    '    at Object.createConnectionPromise [as createConnection] (C:\\Users\\vibho\\OneDrive\\Desktop\\livishield\\backend\\node_modules\\mysql2\\promise.js:19:31)\n' +
    '    at connectMySQL (C:\\Users\\vibho\\OneDrive\\Desktop\\livishield\\backend\\src\\config\\mysql.js:8:30)\n' +
    '    at startServer (C:\\Users\\vibho\\OneDrive\\Desktop\\livishield\\backend\\server.js:16:11)\n' +
    '    at process.processTicksAndRejections (node:internal/process/task_queues:105:5)',
  timestamp: '2026-01-04 11:19:25'
}
{
  message: '✅ MongoDB connected successfully',
  level: 'info',
  service: 'livishield-backend',
  timestamp: '2026-01-04 11:20:49'
}
{
  message: 'MongoDB connected successfully',
  level: 'info',
  service: 'livishield-backend',
  timestamp: '2026-01-04 11:20:49'
}
{
  service: 'livishield-backend',
  message: "❌ MySQL connection failed: Access denied for user 'root'@'localhost' (using password: YES)",
  code: 'ER_ACCESS_DENIED_ERROR',
  errno: 1045,
  sqlState: '28000',
  level: 'error',
  stack: "Error: Access denied for user 'root'@'localhost' (using password: YES)\n" +
    '    at Object.createConnectionPromise [as createConnection] (C:\\Users\\vibho\\OneDrive\\Desktop\\livishield\\backend\\node_modules\\mysql2\\promise.js:19:31)\n' +
    '    at connectMySQL (C:\\Users\\vibho\\OneDrive\\Desktop\\livishield\\backend\\src\\config\\mysql.js:8:30)\n' +
    '    at startServer (C:\\Users\\vibho\\OneDrive\\Desktop\\livishield\\backend\\server.js:17:13)\n' +
    '    at process.processTicksAndRejections (node:internal/process/task_queues:105:5)',
  timestamp: '2026-01-04 11:20:49'
}
{
  service: 'livishield-backend',
  level: 'warn',
  message: 'MySQL connection failed, continuing without MySQL:',
  timestamp: '2026-01-04 11:20:49'
}
{
  message: 'Some features requiring MySQL will not work',
  level: 'warn',
  service: 'livishield-backend',
  timestamp: '2026-01-04 11:20:49'
}
{
  message: '🚀 LiviShield Backend running on port 5000',
  level: 'info',
  service: 'livishield-backend',
  timestamp: '2026-01-04 11:20:49'
}
{
  message: '📊 Environment: development',
  level: 'info',
  service: 'livishield-backend',
  timestamp: '2026-01-04 11:20:49'
}
{
  message: '✅ MongoDB connected successfully',
  level: 'info',
  service: 'livishield-backend',
  timestamp: '2026-01-04 12:08:38'
}
{
  message: 'MongoDB connected successfully',
  level: 'info',
  service: 'livishield-backend',
  timestamp: '2026-01-04 12:08:38'
}
{
  service: 'livishield-backend',
  message: "❌ MySQL connection failed: Access denied for user 'root'@'localhost' (using password: YES)",
  code: 'ER_ACCESS_DENIED_ERROR',
  errno: 1045,
  sqlState: '28000',
  level: 'error',
  stack: "Error: Access denied for user 'root'@'localhost' (using password: YES)\n" +
    '    at Object.createConnectionPromise [as createConnection] (C:\\Users\\vibho\\OneDrive\\Desktop\\livishield\\backend\\node_modules\\mysql2\\promise.js:19:31)\n' +
    '    at connectMySQL (C:\\Users\\vibho\\OneDrive\\Desktop\\livishield\\backend\\src\\config\\mysql.js:8:30)\n' +
    '    at startServer (C:\\Users\\vibho\\OneDrive\\Desktop\\livishield\\backend\\server.js:17:13)\n' +
    '    at process.processTicksAndRejections (node:internal/process/task_queues:105:5)',
  timestamp: '2026-01-04 12:08:38'
}
{
  message: '✅ MongoDB connected successfully',
  level: 'info',
  service: 'livishield-backend',
  timestamp: '2026-01-04 12:08:56'
}
{
  message: 'MongoDB connected successfully',
  level: 'info',
  service: 'livishield-backend',
  timestamp: '2026-01-04 12:08:56'
}
{
  service: 'livishield-backend',
  message: "❌ MySQL connection failed: Access denied for user 'root'@'localhost' (using password: YES)",
  code: 'ER_ACCESS_DENIED_ERROR',
  errno: 1045,
  sqlState: '28000',
  level: 'error',
  stack: "Error: Access denied for user 'root'@'localhost' (using password: YES)\n" +
    '    at Object.createConnectionPromise [as createConnection] (C:\\Users\\vibho\\OneDrive\\Desktop\\livishield\\backend\\node_modules\\mysql2\\promise.js:19:31)\n' +
    '    at connectMySQL (C:\\Users\\vibho\\OneDrive\\Desktop\\livishield\\backend\\src\\config\\mysql.js:8:30)\n' +
    '    at startServer (C:\\Users\\vibho\\OneDrive\\Desktop\\livishield\\backend\\server.js:17:13)\n' +
    '    at process.processTicksAndRejections (node:internal/process/task_queues:105:5)',
  timestamp: '2026-01-04 12:08:56'
}
{
  service: 'livishield-backend',
  level: 'warn',
  message: 'MySQL connection failed, continuing without MySQL:',
  timestamp: '2026-01-04 12:08:56'
}
{
  message: 'Some features requiring MySQL will not work',
  level: 'warn',
  service: 'livishield-backend',
  timestamp: '2026-01-04 12:08:56'
}
{
  message: '🚀 LiviShield Backend running on port 5000',
  level: 'info',
  service: 'livishield-backend',
  timestamp: '2026-01-04 12:08:56'
}
{
  message: '📊 Environment: development',
  level: 'info',
  service: 'livishield-backend',
  timestamp: '2026-01-04 12:08:56'
}
{
  message: '✅ MongoDB connected successfully',
  level: 'info',
  service: 'livishield-backend',
  timestamp: '2026-01-04 12:15:03'
}
{
  message: 'MongoDB connected successfully',
  level: 'info',
  service: 'livishield-backend',
  timestamp: '2026-01-04 12:15:03'
}
{
  message: '✅ MySQL connected successfully',
  level: 'info',
  service: 'livishield-backend',
  timestamp: '2026-01-04 12:15:03'
}
{
  message: 'MySQL connected successfully',
  level: 'info',
  service: 'livishield-backend',
  timestamp: '2026-01-04 12:15:04'
}
{
  message: '🚀 LiviShield Backend running on port 5000',
  level: 'info',
  service: 'livishield-backend',
  timestamp: '2026-01-04 12:15:04'
}
{
  message: '📊 Environment: development',
  level: 'info',
  service: 'livishield-backend',
  timestamp: '2026-01-04 12:15:04'
}
{
  service: 'livishield-backend',
  message: "Login error: Table 'livishield.users' doesn't exist",
  code: 'ER_NO_SUCH_TABLE',
  errno: 1146,
  sql: 'SELECT id, email, password, first_name, last_name, phone, date_of_birth, address, role, is_verified FROM users WHERE email = ?',
  sqlState: '42S02',
  sqlMessage: "Table 'livishield.users' doesn't exist",
  level: 'error',
  stack: "Error: Table 'livishield.users' doesn't exist\n" +
    '    at PromiseConnection.execute (C:\\Users\\vibho\\OneDrive\\Desktop\\livishield\\backend\\node_modules\\mysql2\\lib\\promise\\connection.js:47:22)\n' +
    '    at C:\\Users\\vibho\\OneDrive\\Desktop\\livishield\\backend\\src\\controllers\\authController.js:77:38\n' +
    '    at C:\\Users\\vibho\\OneDrive\\Desktop\\livishield\\backend\\src\\middleware\\errorHandler.js:159:5\n' +
    '    at Layer.handle [as handle_request] (C:\\Users\\vibho\\OneDrive\\Desktop\\livishield\\backend\\node_modules\\express\\lib\\router\\layer.js:95:5)\n' +
    '    at next (C:\\Users\\vibho\\OneDrive\\Desktop\\livishield\\backend\\node_modules\\express\\lib\\router\\route.js:149:13)\n' +
    '    at C:\\Users\\vibho\\OneDrive\\Desktop\\livishield\\backend\\src\\utils\\validation.js:161:5\n' +
    '    at Layer.handle [as handle_request] (C:\\Users\\vibho\\OneDrive\\Desktop\\livishield\\backend\\node_modules\\express\\lib\\router\\layer.js:95:5)\n' +
    '    at next (C:\\Users\\vibho\\OneDrive\\Desktop\\livishield\\backend\\node_modules\\express\\lib\\router\\route.js:149:13)\n' +
    '    at Route.dispatch (C:\\Users\\vibho\\OneDrive\\Desktop\\livishield\\backend\\node_modules\\express\\lib\\router\\route.js:119:3)\n' +
    '    at Layer.handle [as handle_request] (C:\\Users\\vibho\\OneDrive\\Desktop\\livishield\\backend\\node_modules\\express\\lib\\router\\layer.js:95:5)',
  timestamp: '2026-01-04 12:16:09'
}
{
  service: 'livishield-backend',
  message: "Login error: Table 'livishield.users' doesn't exist",
  code: 'ER_NO_SUCH_TABLE',
  errno: 1146,
  sql: 'SELECT id, email, password, first_name, last_name, phone, date_of_birth, address, role, is_verified FROM users WHERE email = ?',
  sqlState: '42S02',
  sqlMessage: "Table 'livishield.users' doesn't exist",
  level: 'error',
  stack: "Error: Table 'livishield.users' doesn't exist\n" +
    '    at PromiseConnection.execute (C:\\Users\\vibho\\OneDrive\\Desktop\\livishield\\backend\\node_modules\\mysql2\\lib\\promise\\connection.js:47:22)\n' +
    '    at C:\\Users\\vibho\\OneDrive\\Desktop\\livishield\\backend\\src\\controllers\\authController.js:77:38\n' +
    '    at C:\\Users\\vibho\\OneDrive\\Desktop\\livishield\\backend\\src\\middleware\\errorHandler.js:159:5\n' +
    '    at Layer.handle [as handle_request] (C:\\Users\\vibho\\OneDrive\\Desktop\\livishield\\backend\\node_modules\\express\\lib\\router\\layer.js:95:5)\n' +
    '    at next (C:\\Users\\vibho\\OneDrive\\Desktop\\livishield\\backend\\node_modules\\express\\lib\\router\\route.js:149:13)\n' +
    '    at C:\\Users\\vibho\\OneDrive\\Desktop\\livishield\\backend\\src\\utils\\validation.js:161:5\n' +
    '    at Layer.handle [as handle_request] (C:\\Users\\vibho\\OneDrive\\Desktop\\livishield\\backend\\node_modules\\express\\lib\\router\\layer.js:95:5)\n' +
    '    at next (C:\\Users\\vibho\\OneDrive\\Desktop\\livishield\\backend\\node_modules\\express\\lib\\router\\route.js:149:13)\n' +
    '    at Route.dispatch (C:\\Users\\vibho\\OneDrive\\Desktop\\livishield\\backend\\node_modules\\express\\lib\\router\\route.js:119:3)\n' +
    '    at Layer.handle [as handle_request] (C:\\Users\\vibho\\OneDrive\\Desktop\\livishield\\backend\\node_modules\\express\\lib\\router\\layer.js:95:5)',
  timestamp: '2026-01-04 12:16:19'
}
{
  service: 'livishield-backend',
  message: "Login error: Table 'livishield.users' doesn't exist",
  code: 'ER_NO_SUCH_TABLE',
  errno: 1146,
  sql: 'SELECT id, email, password, first_name, last_name, phone, date_of_birth, address, role, is_verified FROM users WHERE email = ?',
  sqlState: '42S02',
  sqlMessage: "Table 'livishield.users' doesn't exist",
  level: 'error',
  stack: "Error: Table 'livishield.users' doesn't exist\n" +
    '    at PromiseConnection.execute (C:\\Users\\vibho\\OneDrive\\Desktop\\livishield\\backend\\node_modules\\mysql2\\lib\\promise\\connection.js:47:22)\n' +
    '    at C:\\Users\\vibho\\OneDrive\\Desktop\\livishield\\backend\\src\\controllers\\authController.js:77:38\n' +
    '    at C:\\Users\\vibho\\OneDrive\\Desktop\\livishield\\backend\\src\\middleware\\errorHandler.js:159:5\n' +
    '    at Layer.handle [as handle_request] (C:\\Users\\vibho\\OneDrive\\Desktop\\livishield\\backend\\node_modules\\express\\lib\\router\\layer.js:95:5)\n' +
    '    at next (C:\\Users\\vibho\\OneDrive\\Desktop\\livishield\\backend\\node_modules\\express\\lib\\router\\route.js:149:13)\n' +
    '    at C:\\Users\\vibho\\OneDrive\\Desktop\\livishield\\backend\\src\\utils\\validation.js:161:5\n' +
    '    at Layer.handle [as handle_request] (C:\\Users\\vibho\\OneDrive\\Desktop\\livishield\\backend\\node_modules\\express\\lib\\router\\layer.js:95:5)\n' +
    '    at next (C:\\Users\\vibho\\OneDrive\\Desktop\\livishield\\backend\\node_modules\\express\\lib\\router\\route.js:149:13)\n' +
    '    at Route.dispatch (C:\\Users\\vibho\\OneDrive\\Desktop\\livishield\\backend\\node_modules\\express\\lib\\router\\route.js:119:3)\n' +
    '    at Layer.handle [as handle_request] (C:\\Users\\vibho\\OneDrive\\Desktop\\livishield\\backend\\node_modules\\express\\lib\\router\\layer.js:95:5)',
  timestamp: '2026-01-04 12:16:41'
}
{
  message: '✅ MongoDB connected successfully',
  level: 'info',
  service: 'livishield-backend',
  timestamp: '2026-01-04 12:27:50'
}
{
  message: 'MongoDB connected successfully',
  level: 'info',
  service: 'livishield-backend',
  timestamp: '2026-01-04 12:27:50'
}
{
  message: '✅ MySQL connected successfully',
  level: 'info',
  service: 'livishield-backend',
  timestamp: '2026-01-04 12:27:50'
}
{
  message: 'MySQL connected successfully',
  level: 'info',
  service: 'livishield-backend',
  timestamp: '2026-01-04 12:27:50'
}
{
  message: '🚀 LiviShield Backend running on port 5000',
  level: 'info',
  service: 'livishield-backend',
  timestamp: '2026-01-04 12:27:50'
}
{
  message: '📊 Environment: development',
  level: 'info',
  service: 'livishield-backend',
  timestamp: '2026-01-04 12:27:50'
}
{
  service: 'livishield-backend',
  message: "Registration error: Table 'livishield.users' doesn't exist",
  code: 'ER_NO_SUCH_TABLE',
  errno: 1146,
  sql: 'SELECT id FROM users WHERE email = ?',
  sqlState: '42S02',
  sqlMessage: "Table 'livishield.users' doesn't exist",
  level: 'error',
  stack: "Error: Table 'livishield.users' doesn't exist\n" +
    '    at PromiseConnection.execute (C:\\Users\\vibho\\OneDrive\\Desktop\\livishield\\backend\\node_modules\\mysql2\\lib\\promise\\connection.js:47:22)\n' +
    '    at C:\\Users\\vibho\\OneDrive\\Desktop\\livishield\\backend\\src\\controllers\\authController.js:15:46\n' +
    '    at C:\\Users\\vibho\\OneDrive\\Desktop\\livishield\\backend\\src\\middleware\\errorHandler.js:157:5\n' +
    '    at Layer.handle [as handle_request] (C:\\Users\\vibho\\OneDrive\\Desktop\\livishield\\backend\\node_modules\\express\\lib\\router\\layer.js:95:5)\n' +
    '    at next (C:\\Users\\vibho\\OneDrive\\Desktop\\livishield\\backend\\node_modules\\express\\lib\\router\\route.js:149:13)\n' +
    '    at C:\\Users\\vibho\\OneDrive\\Desktop\\livishield\\backend\\src\\utils\\validation.js:86:5\n' +
    '    at Layer.handle [as handle_request] (C:\\Users\\vibho\\OneDrive\\Desktop\\livishield\\backend\\node_modules\\express\\lib\\router\\layer.js:95:5)\n' +
    '    at next (C:\\Users\\vibho\\OneDrive\\Desktop\\livishield\\backend\\node_modules\\express\\lib\\router\\route.js:149:13)\n' +
    '    at Route.dispatch (C:\\Users\\vibho\\OneDrive\\Desktop\\livishield\\backend\\node_modules\\express\\lib\\router\\route.js:119:3)\n' +
    '    at Layer.handle [as handle_request] (C:\\Users\\vibho\\OneDrive\\Desktop\\livishield\\backend\\node_modules\\express\\lib\\router\\layer.js:95:5)',
  timestamp: '2026-01-04 12:30:17'
}
{
  message: '✅ MongoDB connected successfully',
  level: 'info',
  service: 'livishield-backend',
  timestamp: '2026-01-04 12:32:33'
}
{
  message: 'MongoDB connected successfully',
  level: 'info',
  service: 'livishield-backend',
  timestamp: '2026-01-04 12:32:33'
}
{
  message: '✅ MySQL connected successfully',
  level: 'info',
  service: 'livishield-backend',
  timestamp: '2026-01-04 12:32:33'
}
{
  message: 'MySQL connected successfully',
  level: 'info',
  service: 'livishield-backend',
  timestamp: '2026-01-04 12:32:33'
}
{
  message: '🚀 LiviShield Backend running on port 5000',
  level: 'info',
  service: 'livishield-backend',
  timestamp: '2026-01-04 12:32:33'
}
{
  message: '📊 Environment: development',
  level: 'info',
  service: 'livishield-backend',
  timestamp: '2026-01-04 12:32:33'
}
{
  service: 'livishield-backend',
  email: 'test123@example.com',
  firstName: 'Test',
  lastName: 'User',
  level: 'info',
  message: 'Registration attempt:',
  timestamp: '2026-01-04 12:33:14'
}
{
  service: 'livishield-backend',
  message: "Registration error details: Table 'livishield.users' doesn't exist",
  stack: "Error: Table 'livishield.users' doesn't exist\n" +
    '    at PromiseConnection.execute (C:\\Users\\vibho\\OneDrive\\Desktop\\livishield\\backend\\node_modules\\mysql2\\lib\\promise\\connection.js:47:22)\n' +
    '    at C:\\Users\\vibho\\OneDrive\\Desktop\\livishield\\backend\\src\\controllers\\authController.js:17:46\n' +
    '    at C:\\Users\\vibho\\OneDrive\\Desktop\\livishield\\backend\\src\\middleware\\errorHandler.js:157:5\n' +
    '    at Layer.handle [as handle_request] (C:\\Users\\vibho\\OneDrive\\Desktop\\livishield\\backend\\node_modules\\express\\lib\\router\\layer.js:95:5)\n' +
    '    at next (C:\\Users\\vibho\\OneDrive\\Desktop\\livishield\\backend\\node_modules\\express\\lib\\router\\route.js:149:13)\n' +
    '    at C:\\Users\\vibho\\OneDrive\\Desktop\\livishield\\backend\\src\\utils\\validation.js:86:5\n' +
    '    at Layer.handle [as handle_request] (C:\\Users\\vibho\\OneDrive\\Desktop\\livishield\\backend\\node_modules\\express\\lib\\router\\layer.js:95:5)\n' +
    '    at next (C:\\Users\\vibho\\OneDrive\\Desktop\\livishield\\backend\\node_modules\\express\\lib\\router\\route.js:149:13)\n' +
    '    at Route.dispatch (C:\\Users\\vibho\\OneDrive\\Desktop\\livishield\\backend\\node_modules\\express\\lib\\router\\route.js:119:3)\n' +
    '    at Layer.handle [as handle_request] (C:\\Users\\vibho\\OneDrive\\Desktop\\livishield\\backend\\node_modules\\express\\lib\\router\\layer.js:95:5)',
  code: 'ER_NO_SUCH_TABLE',
  errno: 1146,
  sqlState: '42S02',
  level: 'error',
  timestamp: '2026-01-04 12:33:14'
}
{
  service: 'livishield-backend',
  email: 'test123@example.com',
  firstName: 'Test',
  lastName: 'User',
  level: 'info',
  message: 'Registration attempt:',
  timestamp: '2026-01-04 12:35:57'
}
{
  service: 'livishield-backend',
  level: 'info',
  message: 'Hashing password for user:',
  timestamp: '2026-01-04 12:35:57'
}
{
  service: 'livishield-backend',
  level: 'info',
  message: 'Inserting new user into database:',
  timestamp: '2026-01-04 12:35:59'
}
{
  service: 'livishield-backend',
  level: 'info',
  message: 'User inserted successfully with ID:',
  timestamp: '2026-01-04 12:35:59'
}
{
  service: 'livishield-backend',
  level: 'info',
  message: 'Generating JWT token for user:',
  timestamp: '2026-01-04 12:35:59'
}
{
  message: 'User registered successfully: test123@example.com with ID: 1',
  level: 'info',
  service: 'livishield-backend',
  timestamp: '2026-01-04 12:35:59'
}
{
  message: 'User logged out: test123@example.com',
  level: 'info',
  service: 'livishield-backend',
  timestamp: '2026-01-04 12:37:28'
}
{
  message: 'User logged in successfully: test123@example.com',
  level: 'info',
  service: 'livishield-backend',
  timestamp: '2026-01-04 12:37:40'
}
{
  message: 'User logged in successfully: test123@example.com',
  level: 'info',
  service: 'livishield-backend',
  timestamp: '2026-01-04 12:38:09'
}
{
  message: '✅ MongoDB connected successfully',
  level: 'info',
  service: 'livishield-backend',
  timestamp: '2026-01-04 12:44:00'
}
{
  message: 'MongoDB connected successfully',
  level: 'info',
  service: 'livishield-backend',
  timestamp: '2026-01-04 12:44:00'
}
{
  message: '✅ MySQL connected successfully',
  level: 'info',
  service: 'livishield-backend',
  timestamp: '2026-01-04 12:44:00'
}
{
  message: '✅ MongoDB connected successfully',
  level: 'info',
  service: 'livishield-backend',
  timestamp: '2026-01-04 12:44:18'
}
{
  message: 'MongoDB connected successfully',
  level: 'info',
  service: 'livishield-backend',
  timestamp: '2026-01-04 12:44:18'
}
{
  message: '✅ MySQL connected successfully',
  level: 'info',
  service: 'livishield-backend',
  timestamp: '2026-01-04 12:44:18'
}
{
  message: 'MySQL connected successfully',
  level: 'info',
  service: 'livishield-backend',
  timestamp: '2026-01-04 12:44:18'
}
{
  message: '🚀 LiviShield Backend running on port 5000',
  level: 'info',
  service: 'livishield-backend',
  timestamp: '2026-01-04 12:44:18'
}
{
  message: '📊 Environment: development',
  level: 'info',
  service: 'livishield-backend',
  timestamp: '2026-01-04 12:44:18'
}
{
  message: 'User logged in successfully: test123@example.com',
  level: 'info',
  service: 'livishield-backend',
  timestamp: '2026-01-04 12:46:35'
}
{
  message: 'User logged out: test123@example.com',
  level: 'info',
  service: 'livishield-backend',
  timestamp: '2026-01-04 12:46:57'
}
{
  message: '✅ MongoDB connected successfully',
  level: 'info',
  service: 'livishield-backend',
  timestamp: '2026-01-04 12:57:18'
}
{
  message: 'MongoDB connected successfully',
  level: 'info',
  service: 'livishield-backend',
  timestamp: '2026-01-04 12:57:18'
}
{
  message: '✅ MySQL connected successfully',
  level: 'info',
  service: 'livishield-backend',
  timestamp: '2026-01-04 12:57:18'
}
{
  message: '✅ MongoDB connected successfully',
  level: 'info',
  service: 'livishield-backend',
  timestamp: '2026-01-04 12:57:33'
}
{
  message: 'MongoDB connected successfully',
  level: 'info',
  service: 'livishield-backend',
  timestamp: '2026-01-04 12:57:33'
}
{
  message: '✅ MySQL connected successfully',
  level: 'info',
  service: 'livishield-backend',
  timestamp: '2026-01-04 12:57:33'
}
{
  message: 'MySQL connected successfully',
  level: 'info',
  service: 'livishield-backend',
  timestamp: '2026-01-04 12:57:33'
}
{
  message: '🚀 LiviShield Backend running on port 5000',
  level: 'info',
  service: 'livishield-backend',
  timestamp: '2026-01-04 12:57:33'
}
{
  message: '📊 Environment: development',
  level: 'info',
  service: 'livishield-backend',
  timestamp: '2026-01-04 12:57:33'
}
{
  message: 'User logged in successfully: test123@example.com',
  level: 'info',
  service: 'livishield-backend',
  timestamp: '2026-01-04 12:58:11'
}
